<?xml version="1.0" encoding="UTF-8"?>
<!-- Generated by org.testng.reporters.JUnitReportReporter -->
<testsuite hostname="THOR" failures="0" tests="1" name="sampleprograms.mouseoveractions" time="6.595" errors="0" timestamp="2023-10-26T17:09:49 IST" skipped="0">
  <testcase classname="sampleprograms.mouseoveractions" name="mouseactions" time="6.595"/>
  <system-out/>
</testsuite> <!-- sampleprograms.mouseoveractions -->
